<?xml version="1.0" encoding="UTF-8"?>
<testsuite xmlns:xsi="http://www.w3.org/2001/XMLSchema-instance" xsi:noNamespaceSchemaLocation="https://maven.apache.org/surefire/maven-surefire-plugin/xsd/surefire-test-report.xsd" name="com.TestCalculatorService" time="4.631" tests="12" errors="0" skipped="0" failures="0">
  <properties>
[...]
</properties>
  <testcase name="testPercentage" classname="com.TestCalculatorService" time="0.163"/>
  <testcase name="testSum" classname="com.TestCalculatorService" time="0.002"/>
  <testcase name="testSubtract" classname="com.TestCalculatorService" time="0.001"/>
  <testcase name="testSum1" classname="com.TestCalculatorService" time="0.002"/>
  <testcase name="testFactorial" classname="com.TestCalculatorService" time="0.002"/>
  <testcase name="testMultiplication" classname="com.TestCalculatorService" time="0.002"/>
  <testcase name="testMessage" classname="com.TestCalculatorService" time="0.002"/>
  <testcase name="testModulus" classname="com.TestCalculatorService" time="0.002"/>
  <testcase name="testDivision" classname="com.TestCalculatorService" time="0.001"/>
  <testcase name="testWelcomeMessage" classname="com.TestCalculatorService" time="0.002"/>
  <testcase name="testSubtract1" classname="com.TestCalculatorService" time="0.001"/>
  <testcase name="testSquareRoot" classname="com.TestCalculatorService" time="0.001"/>
</testsuite>